[2022-06-30 00:38:33] local.ERROR: Invalid route action: [App\Http\Controllers\LoginController]. {"exception":"[object] (UnexpectedValueException(code: 0): Invalid route action: [App\\Http\\Controllers\\LoginController]. at C:\\Projetos\\Laravel\\app-devtec\\vendor\\laravel\\framework\\src\\Illuminate\\Routing\\RouteAction.php:92)
[stacktrace]
#0 C:\\Projetos\\Laravel\\app-devtec\\vendor\\laravel\\framework\\src\\Illuminate\\Routing\\RouteAction.php(47): Illuminate\\Routing\\RouteAction::makeInvokable('App\\\\Http\\\\Contro...')
#1 C:\\Projetos\\Laravel\\app-devtec\\vendor\\laravel\\framework\\src\\Illuminate\\Routing\\Route.php(191): Illuminate\\Routing\\RouteAction::parse('/', Array)
#2 C:\\Projetos\\Laravel\\app-devtec\\vendor\\laravel\\framework\\src\\Illuminate\\Routing\\Route.php(172): Illuminate\\Routing\\Route->parseAction(Array)
#3 C:\\Projetos\\Laravel\\app-devtec\\vendor\\laravel\\framework\\src\\Illuminate\\Routing\\Router.php(583): Illuminate\\Routing\\Route->__construct(Array, '/', Array)
#4 C:\\Projetos\\Laravel\\app-devtec\\vendor\\laravel\\framework\\src\\Illuminate\\Routing\\Router.php(476): Illuminate\\Routing\\Router->newRoute(Array, '/', Array)
#5 C:\\Projetos\\Laravel\\app-devtec\\vendor\\laravel\\framework\\src\\Illuminate\\Routing\\Router.php(455): Illuminate\\Routing\\Router->createRoute(Array, '/', Array)
#6 C:\\Projetos\\Laravel\\app-devtec\\vendor\\laravel\\framework\\src\\Illuminate\\Routing\\Router.php(147): Illuminate\\Routing\\Router->addRoute(Array, '/', 'App\\\\Http\\\\Contro...')
#7 C:\\Projetos\\Laravel\\app-devtec\\vendor\\laravel\\framework\\src\\Illuminate\\Support\\Facades\\Facade.php(261): Illuminate\\Routing\\Router->get('/', 'App\\\\Http\\\\Contro...', 'index')
#8 C:\\Projetos\\Laravel\\app-devtec\outes\\web.php(17): Illuminate\\Support\\Facades\\Facade::__callStatic('get', Array)
#9 C:\\Projetos\\Laravel\\app-devtec\\vendor\\laravel\\framework\\src\\Illuminate\\Routing\\RouteFileRegistrar.php(35): require('C:\\\\Projetos\\\\Lar...')
#10 C:\\Projetos\\Laravel\\app-devtec\\vendor\\laravel\\framework\\src\\Illuminate\\Routing\\Router.php(425): Illuminate\\Routing\\RouteFileRegistrar->register('C:\\\\Projetos\\\\Lar...')
#11 C:\\Projetos\\Laravel\\app-devtec\\vendor\\laravel\\framework\\src\\Illuminate\\Routing\\Router.php(382): Illuminate\\Routing\\Router->loadRoutes('C:\\\\Projetos\\\\Lar...')
#12 C:\\Projetos\\Laravel\\app-devtec\\vendor\\laravel\\framework\\src\\Illuminate\\Routing\\RouteRegistrar.php(163): Illuminate\\Routing\\Router->group(Array, 'C:\\\\Projetos\\\\Lar...')
#13 C:\\Projetos\\Laravel\\app-devtec\\app\\Providers\\RouteServiceProvider.php(48): Illuminate\\Routing\\RouteRegistrar->group('C:\\\\Projetos\\\\Lar...')
#14 C:\\Projetos\\Laravel\\app-devtec\\vendor\\laravel\\framework\\src\\Illuminate\\Container\\BoundMethod.php(36): App\\Providers\\RouteServiceProvider->App\\Providers\\{closure}()
#15 C:\\Projetos\\Laravel\\app-devtec\\vendor\\laravel\\framework\\src\\Illuminate\\Container\\Util.php(40): Illuminate\\Container\\BoundMethod::Illuminate\\Container\\{closure}()
#16 C:\\Projetos\\Laravel\\app-devtec\\vendor\\laravel\\framework\\src\\Illuminate\\Container\\BoundMethod.php(81): Illuminate\\Container\\Util::unwrapIfClosure(Object(Closure))
#17 C:\\Projetos\\Laravel\\app-devtec\\vendor\\laravel\\framework\\src\\Illuminate\\Container\\BoundMethod.php(37): Illuminate\\Container\\BoundMethod::callBoundMethod(Object(Illuminate\\Foundation\\Application), Object(Closure), Object(Closure))
#18 C:\\Projetos\\Laravel\\app-devtec\\vendor\\laravel\\framework\\src\\Illuminate\\Container\\Container.php(653): Illuminate\\Container\\BoundMethod::call(Object(Illuminate\\Foundation\\Application), Object(Closure), Array, NULL)
#19 C:\\Projetos\\Laravel\\app-devtec\\vendor\\laravel\\framework\\src\\Illuminate\\Foundation\\Support\\Providers\\RouteServiceProvider.php(120): Illuminate\\Container\\Container->call(Object(Closure))
#20 C:\\Projetos\\Laravel\\app-devtec\\vendor\\laravel\\framework\\src\\Illuminate\\Foundation\\Support\\Providers\\RouteServiceProvider.php(45): Illuminate\\Foundation\\Support\\Providers\\RouteServiceProvider->loadRoutes()
#21 C:\\Projetos\\Laravel\\app-devtec\\vendor\\laravel\\framework\\src\\Illuminate\\Container\\BoundMethod.php(36): Illuminate\\Foundation\\Support\\Providers\\RouteServiceProvider->Illuminate\\Foundation\\Support\\Providers\\{closure}()
#22 C:\\Projetos\\Laravel\\app-devtec\\vendor\\laravel\\framework\\src\\Illuminate\\Container\\Util.php(40): Illuminate\\Container\\BoundMethod::Illuminate\\Container\\{closure}()
#23 C:\\Projetos\\Laravel\\app-devtec\\vendor\\laravel\\framework\\src\\Illuminate\\Container\\BoundMethod.php(81): Illuminate\\Container\\Util::unwrapIfClosure(Object(Closure))
#24 C:\\Projetos\\Laravel\\app-devtec\\vendor\\laravel\\framework\\src\\Illuminate\\Container\\BoundMethod.php(37): Illuminate\\Container\\BoundMethod::callBoundMethod(Object(Illuminate\\Foundation\\Application), Object(Closure), Object(Closure))
#25 C:\\Projetos\\Laravel\\app-devtec\\vendor\\laravel\\framework\\src\\Illuminate\\Container\\Container.php(653): Illuminate\\Container\\BoundMethod::call(Object(Illuminate\\Foundation\\Application), Object(Closure), Array, NULL)
#26 C:\\Projetos\\Laravel\\app-devtec\\vendor\\laravel\\framework\\src\\Illuminate\\Support\\ServiceProvider.php(119): Illuminate\\Container\\Container->call(Object(Closure))
#27 C:\\Projetos\\Laravel\\app-devtec\\vendor\\laravel\\framework\\src\\Illuminate\\Foundation\\Application.php(927): Illuminate\\Support\\ServiceProvider->callBootedCallbacks()
#28 C:\\Projetos\\Laravel\\app-devtec\\vendor\\laravel\\framework\\src\\Illuminate\\Foundation\\Application.php(905): Illuminate\\Foundation\\Application->bootProvider(Object(App\\Providers\\RouteServiceProvider))
#29 [internal function]: Illuminate\\Foundation\\Application->Illuminate\\Foundation\\{closure}(Object(App\\Providers\\RouteServiceProvider), 23)
#30 C:\\Projetos\\Laravel\\app-devtec\\vendor\\laravel\\framework\\src\\Illuminate\\Foundation\\Application.php(906): array_walk(Array, Object(Closure))
#31 C:\\Projetos\\Laravel\\app-devtec\\vendor\\laravel\\framework\\src\\Illuminate\\Foundation\\Bootstrap\\BootProviders.php(17): Illuminate\\Foundation\\Application->boot()
#32 C:\\Projetos\\Laravel\\app-devtec\\vendor\\laravel\\framework\\src\\Illuminate\\Foundation\\Application.php(237): Illuminate\\Foundation\\Bootstrap\\BootProviders->bootstrap(Object(Illuminate\\Foundation\\Application))
#33 C:\\Projetos\\Laravel\\app-devtec\\vendor\\laravel\\framework\\src\\Illuminate\\Foundation\\Console\\Kernel.php(310): Illuminate\\Foundation\\Application->bootstrapWith(Array)
#34 C:\\Projetos\\Laravel\\app-devtec\\vendor\\laravel\\framework\\src\\Illuminate\\Foundation\\Console\\Kernel.php(127): Illuminate\\Foundation\\Console\\Kernel->bootstrap()
#35 C:\\Projetos\\Laravel\\app-devtec\\artisan(37): Illuminate\\Foundation\\Console\\Kernel->handle(Object(Symfony\\Component\\Console\\Input\\ArgvInput), Object(Symfony\\Component\\Console\\Output\\ConsoleOutput))
#36 {main}
"} 
[2022-06-30 00:38:39] local.ERROR: Invalid route action: [App\Http\Controllers\LoginController]. {"exception":"[object] (UnexpectedValueException(code: 0): Invalid route action: [App\\Http\\Controllers\\LoginController]. at C:\\Projetos\\Laravel\\app-devtec\\vendor\\laravel\\framework\\src\\Illuminate\\Routing\\RouteAction.php:92)
[stacktrace]
#0 C:\\Projetos\\Laravel\\app-devtec\\vendor\\laravel\\framework\\src\\Illuminate\\Routing\\RouteAction.php(47): Illuminate\\Routing\\RouteAction::makeInvokable('App\\\\Http\\\\Contro...')
#1 C:\\Projetos\\Laravel\\app-devtec\\vendor\\laravel\\framework\\src\\Illuminate\\Routing\\Route.php(191): Illuminate\\Routing\\RouteAction::parse('/', Array)
#2 C:\\Projetos\\Laravel\\app-devtec\\vendor\\laravel\\framework\\src\\Illuminate\\Routing\\Route.php(172): Illuminate\\Routing\\Route->parseAction(Array)
#3 C:\\Projetos\\Laravel\\app-devtec\\vendor\\laravel\\framework\\src\\Illuminate\\Routing\\Router.php(583): Illuminate\\Routing\\Route->__construct(Array, '/', Array)
#4 C:\\Projetos\\Laravel\\app-devtec\\vendor\\laravel\\framework\\src\\Illuminate\\Routing\\Router.php(476): Illuminate\\Routing\\Router->newRoute(Array, '/', Array)
#5 C:\\Projetos\\Laravel\\app-devtec\\vendor\\laravel\\framework\\src\\Illuminate\\Routing\\Router.php(455): Illuminate\\Routing\\Router->createRoute(Array, '/', Array)
#6 C:\\Projetos\\Laravel\\app-devtec\\vendor\\laravel\\framework\\src\\Illuminate\\Routing\\Router.php(147): Illuminate\\Routing\\Router->addRoute(Array, '/', 'App\\\\Http\\\\Contro...')
#7 C:\\Projetos\\Laravel\\app-devtec\\vendor\\laravel\\framework\\src\\Illuminate\\Support\\Facades\\Facade.php(261): Illuminate\\Routing\\Router->get('/', 'App\\\\Http\\\\Contro...', 'index')
#8 C:\\Projetos\\Laravel\\app-devtec\outes\\web.php(17): Illuminate\\Support\\Facades\\Facade::__callStatic('get', Array)
#9 C:\\Projetos\\Laravel\\app-devtec\\vendor\\laravel\\framework\\src\\Illuminate\\Routing\\RouteFileRegistrar.php(35): require('C:\\\\Projetos\\\\Lar...')
#10 C:\\Projetos\\Laravel\\app-devtec\\vendor\\laravel\\framework\\src\\Illuminate\\Routing\\Router.php(425): Illuminate\\Routing\\RouteFileRegistrar->register('C:\\\\Projetos\\\\Lar...')
#11 C:\\Projetos\\Laravel\\app-devtec\\vendor\\laravel\\framework\\src\\Illuminate\\Routing\\Router.php(382): Illuminate\\Routing\\Router->loadRoutes('C:\\\\Projetos\\\\Lar...')
#12 C:\\Projetos\\Laravel\\app-devtec\\vendor\\laravel\\framework\\src\\Illuminate\\Routing\\RouteRegistrar.php(163): Illuminate\\Routing\\Router->group(Array, 'C:\\\\Projetos\\\\Lar...')
#13 C:\\Projetos\\Laravel\\app-devtec\\app\\Providers\\RouteServiceProvider.php(48): Illuminate\\Routing\\RouteRegistrar->group('C:\\\\Projetos\\\\Lar...')
#14 C:\\Projetos\\Laravel\\app-devtec\\vendor\\laravel\\framework\\src\\Illuminate\\Container\\BoundMethod.php(36): App\\Providers\\RouteServiceProvider->App\\Providers\\{closure}()
#15 C:\\Projetos\\Laravel\\app-devtec\\vendor\\laravel\\framework\\src\\Illuminate\\Container\\Util.php(40): Illuminate\\Container\\BoundMethod::Illuminate\\Container\\{closure}()
#16 C:\\Projetos\\Laravel\\app-devtec\\vendor\\laravel\\framework\\src\\Illuminate\\Container\\BoundMethod.php(81): Illuminate\\Container\\Util::unwrapIfClosure(Object(Closure))
#17 C:\\Projetos\\Laravel\\app-devtec\\vendor\\laravel\\framework\\src\\Illuminate\\Container\\BoundMethod.php(37): Illuminate\\Container\\BoundMethod::callBoundMethod(Object(Illuminate\\Foundation\\Application), Object(Closure), Object(Closure))
#18 C:\\Projetos\\Laravel\\app-devtec\\vendor\\laravel\\framework\\src\\Illuminate\\Container\\Container.php(653): Illuminate\\Container\\BoundMethod::call(Object(Illuminate\\Foundation\\Application), Object(Closure), Array, NULL)
#19 C:\\Projetos\\Laravel\\app-devtec\\vendor\\laravel\\framework\\src\\Illuminate\\Foundation\\Support\\Providers\\RouteServiceProvider.php(120): Illuminate\\Container\\Container->call(Object(Closure))
#20 C:\\Projetos\\Laravel\\app-devtec\\vendor\\laravel\\framework\\src\\Illuminate\\Foundation\\Support\\Providers\\RouteServiceProvider.php(45): Illuminate\\Foundation\\Support\\Providers\\RouteServiceProvider->loadRoutes()
#21 C:\\Projetos\\Laravel\\app-devtec\\vendor\\laravel\\framework\\src\\Illuminate\\Container\\BoundMethod.php(36): Illuminate\\Foundation\\Support\\Providers\\RouteServiceProvider->Illuminate\\Foundation\\Support\\Providers\\{closure}()
#22 C:\\Projetos\\Laravel\\app-devtec\\vendor\\laravel\\framework\\src\\Illuminate\\Container\\Util.php(40): Illuminate\\Container\\BoundMethod::Illuminate\\Container\\{closure}()
#23 C:\\Projetos\\Laravel\\app-devtec\\vendor\\laravel\\framework\\src\\Illuminate\\Container\\BoundMethod.php(81): Illuminate\\Container\\Util::unwrapIfClosure(Object(Closure))
#24 C:\\Projetos\\Laravel\\app-devtec\\vendor\\laravel\\framework\\src\\Illuminate\\Container\\BoundMethod.php(37): Illuminate\\Container\\BoundMethod::callBoundMethod(Object(Illuminate\\Foundation\\Application), Object(Closure), Object(Closure))
#25 C:\\Projetos\\Laravel\\app-devtec\\vendor\\laravel\\framework\\src\\Illuminate\\Container\\Container.php(653): Illuminate\\Container\\BoundMethod::call(Object(Illuminate\\Foundation\\Application), Object(Closure), Array, NULL)
#26 C:\\Projetos\\Laravel\\app-devtec\\vendor\\laravel\\framework\\src\\Illuminate\\Support\\ServiceProvider.php(119): Illuminate\\Container\\Container->call(Object(Closure))
#27 C:\\Projetos\\Laravel\\app-devtec\\vendor\\laravel\\framework\\src\\Illuminate\\Foundation\\Application.php(927): Illuminate\\Support\\ServiceProvider->callBootedCallbacks()
#28 C:\\Projetos\\Laravel\\app-devtec\\vendor\\laravel\\framework\\src\\Illuminate\\Foundation\\Application.php(905): Illuminate\\Foundation\\Application->bootProvider(Object(App\\Providers\\RouteServiceProvider))
#29 [internal function]: Illuminate\\Foundation\\Application->Illuminate\\Foundation\\{closure}(Object(App\\Providers\\RouteServiceProvider), 23)
#30 C:\\Projetos\\Laravel\\app-devtec\\vendor\\laravel\\framework\\src\\Illuminate\\Foundation\\Application.php(906): array_walk(Array, Object(Closure))
#31 C:\\Projetos\\Laravel\\app-devtec\\vendor\\laravel\\framework\\src\\Illuminate\\Foundation\\Bootstrap\\BootProviders.php(17): Illuminate\\Foundation\\Application->boot()
#32 C:\\Projetos\\Laravel\\app-devtec\\vendor\\laravel\\framework\\src\\Illuminate\\Foundation\\Application.php(237): Illuminate\\Foundation\\Bootstrap\\BootProviders->bootstrap(Object(Illuminate\\Foundation\\Application))
#33 C:\\Projetos\\Laravel\\app-devtec\\vendor\\laravel\\framework\\src\\Illuminate\\Foundation\\Console\\Kernel.php(310): Illuminate\\Foundation\\Application->bootstrapWith(Array)
#34 C:\\Projetos\\Laravel\\app-devtec\\vendor\\laravel\\framework\\src\\Illuminate\\Foundation\\Console\\Kernel.php(127): Illuminate\\Foundation\\Console\\Kernel->bootstrap()
#35 C:\\Projetos\\Laravel\\app-devtec\\artisan(37): Illuminate\\Foundation\\Console\\Kernel->handle(Object(Symfony\\Component\\Console\\Input\\ArgvInput), Object(Symfony\\Component\\Console\\Output\\ConsoleOutput))
#36 {main}
"} 
[2022-06-30 00:39:11] local.ERROR: Invalid route action: [App\Http\Controllers\LoginController]. {"exception":"[object] (UnexpectedValueException(code: 0): Invalid route action: [App\\Http\\Controllers\\LoginController]. at C:\\Projetos\\Laravel\\app-devtec\\vendor\\laravel\\framework\\src\\Illuminate\\Routing\\RouteAction.php:92)
[stacktrace]
#0 C:\\Projetos\\Laravel\\app-devtec\\vendor\\laravel\\framework\\src\\Illuminate\\Routing\\RouteAction.php(47): Illuminate\\Routing\\RouteAction::makeInvokable('App\\\\Http\\\\Contro...')
#1 C:\\Projetos\\Laravel\\app-devtec\\vendor\\laravel\\framework\\src\\Illuminate\\Routing\\Route.php(191): Illuminate\\Routing\\RouteAction::parse('/', Array)
#2 C:\\Projetos\\Laravel\\app-devtec\\vendor\\laravel\\framework\\src\\Illuminate\\Routing\\Route.php(172): Illuminate\\Routing\\Route->parseAction(Array)
#3 C:\\Projetos\\Laravel\\app-devtec\\vendor\\laravel\\framework\\src\\Illuminate\\Routing\\Router.php(583): Illuminate\\Routing\\Route->__construct(Array, '/', Array)
#4 C:\\Projetos\\Laravel\\app-devtec\\vendor\\laravel\\framework\\src\\Illuminate\\Routing\\Router.php(476): Illuminate\\Routing\\Router->newRoute(Array, '/', Array)
#5 C:\\Projetos\\Laravel\\app-devtec\\vendor\\laravel\\framework\\src\\Illuminate\\Routing\\Router.php(455): Illuminate\\Routing\\Router->createRoute(Array, '/', Array)
#6 C:\\Projetos\\Laravel\\app-devtec\\vendor\\laravel\\framework\\src\\Illuminate\\Routing\\Router.php(147): Illuminate\\Routing\\Router->addRoute(Array, '/', 'App\\\\Http\\\\Contro...')
#7 C:\\Projetos\\Laravel\\app-devtec\\vendor\\laravel\\framework\\src\\Illuminate\\Support\\Facades\\Facade.php(261): Illuminate\\Routing\\Router->get('/', 'App\\\\Http\\\\Contro...', 'index')
#8 C:\\Projetos\\Laravel\\app-devtec\outes\\web.php(17): Illuminate\\Support\\Facades\\Facade::__callStatic('get', Array)
#9 C:\\Projetos\\Laravel\\app-devtec\\vendor\\laravel\\framework\\src\\Illuminate\\Routing\\RouteFileRegistrar.php(35): require('C:\\\\Projetos\\\\Lar...')
#10 C:\\Projetos\\Laravel\\app-devtec\\vendor\\laravel\\framework\\src\\Illuminate\\Routing\\Router.php(425): Illuminate\\Routing\\RouteFileRegistrar->register('C:\\\\Projetos\\\\Lar...')
#11 C:\\Projetos\\Laravel\\app-devtec\\vendor\\laravel\\framework\\src\\Illuminate\\Routing\\Router.php(382): Illuminate\\Routing\\Router->loadRoutes('C:\\\\Projetos\\\\Lar...')
#12 C:\\Projetos\\Laravel\\app-devtec\\vendor\\laravel\\framework\\src\\Illuminate\\Routing\\RouteRegistrar.php(163): Illuminate\\Routing\\Router->group(Array, 'C:\\\\Projetos\\\\Lar...')
#13 C:\\Projetos\\Laravel\\app-devtec\\app\\Providers\\RouteServiceProvider.php(48): Illuminate\\Routing\\RouteRegistrar->group('C:\\\\Projetos\\\\Lar...')
#14 C:\\Projetos\\Laravel\\app-devtec\\vendor\\laravel\\framework\\src\\Illuminate\\Container\\BoundMethod.php(36): App\\Providers\\RouteServiceProvider->App\\Providers\\{closure}()
#15 C:\\Projetos\\Laravel\\app-devtec\\vendor\\laravel\\framework\\src\\Illuminate\\Container\\Util.php(40): Illuminate\\Container\\BoundMethod::Illuminate\\Container\\{closure}()
#16 C:\\Projetos\\Laravel\\app-devtec\\vendor\\laravel\\framework\\src\\Illuminate\\Container\\BoundMethod.php(81): Illuminate\\Container\\Util::unwrapIfClosure(Object(Closure))
#17 C:\\Projetos\\Laravel\\app-devtec\\vendor\\laravel\\framework\\src\\Illuminate\\Container\\BoundMethod.php(37): Illuminate\\Container\\BoundMethod::callBoundMethod(Object(Illuminate\\Foundation\\Application), Object(Closure), Object(Closure))
#18 C:\\Projetos\\Laravel\\app-devtec\\vendor\\laravel\\framework\\src\\Illuminate\\Container\\Container.php(653): Illuminate\\Container\\BoundMethod::call(Object(Illuminate\\Foundation\\Application), Object(Closure), Array, NULL)
#19 C:\\Projetos\\Laravel\\app-devtec\\vendor\\laravel\\framework\\src\\Illuminate\\Foundation\\Support\\Providers\\RouteServiceProvider.php(120): Illuminate\\Container\\Container->call(Object(Closure))
#20 C:\\Projetos\\Laravel\\app-devtec\\vendor\\laravel\\framework\\src\\Illuminate\\Foundation\\Support\\Providers\\RouteServiceProvider.php(45): Illuminate\\Foundation\\Support\\Providers\\RouteServiceProvider->loadRoutes()
#21 C:\\Projetos\\Laravel\\app-devtec\\vendor\\laravel\\framework\\src\\Illuminate\\Container\\BoundMethod.php(36): Illuminate\\Foundation\\Support\\Providers\\RouteServiceProvider->Illuminate\\Foundation\\Support\\Providers\\{closure}()
#22 C:\\Projetos\\Laravel\\app-devtec\\vendor\\laravel\\framework\\src\\Illuminate\\Container\\Util.php(40): Illuminate\\Container\\BoundMethod::Illuminate\\Container\\{closure}()
#23 C:\\Projetos\\Laravel\\app-devtec\\vendor\\laravel\\framework\\src\\Illuminate\\Container\\BoundMethod.php(81): Illuminate\\Container\\Util::unwrapIfClosure(Object(Closure))
#24 C:\\Projetos\\Laravel\\app-devtec\\vendor\\laravel\\framework\\src\\Illuminate\\Container\\BoundMethod.php(37): Illuminate\\Container\\BoundMethod::callBoundMethod(Object(Illuminate\\Foundation\\Application), Object(Closure), Object(Closure))
#25 C:\\Projetos\\Laravel\\app-devtec\\vendor\\laravel\\framework\\src\\Illuminate\\Container\\Container.php(653): Illuminate\\Container\\BoundMethod::call(Object(Illuminate\\Foundation\\Application), Object(Closure), Array, NULL)
#26 C:\\Projetos\\Laravel\\app-devtec\\vendor\\laravel\\framework\\src\\Illuminate\\Support\\ServiceProvider.php(119): Illuminate\\Container\\Container->call(Object(Closure))
#27 C:\\Projetos\\Laravel\\app-devtec\\vendor\\laravel\\framework\\src\\Illuminate\\Foundation\\Application.php(927): Illuminate\\Support\\ServiceProvider->callBootedCallbacks()
#28 C:\\Projetos\\Laravel\\app-devtec\\vendor\\laravel\\framework\\src\\Illuminate\\Foundation\\Application.php(905): Illuminate\\Foundation\\Application->bootProvider(Object(App\\Providers\\RouteServiceProvider))
#29 [internal function]: Illuminate\\Foundation\\Application->Illuminate\\Foundation\\{closure}(Object(App\\Providers\\RouteServiceProvider), 23)
#30 C:\\Projetos\\Laravel\\app-devtec\\vendor\\laravel\\framework\\src\\Illuminate\\Foundation\\Application.php(906): array_walk(Array, Object(Closure))
#31 C:\\Projetos\\Laravel\\app-devtec\\vendor\\laravel\\framework\\src\\Illuminate\\Foundation\\Bootstrap\\BootProviders.php(17): Illuminate\\Foundation\\Application->boot()
#32 C:\\Projetos\\Laravel\\app-devtec\\vendor\\laravel\\framework\\src\\Illuminate\\Foundation\\Application.php(237): Illuminate\\Foundation\\Bootstrap\\BootProviders->bootstrap(Object(Illuminate\\Foundation\\Application))
#33 C:\\Projetos\\Laravel\\app-devtec\\vendor\\laravel\\framework\\src\\Illuminate\\Foundation\\Console\\Kernel.php(310): Illuminate\\Foundation\\Application->bootstrapWith(Array)
#34 C:\\Projetos\\Laravel\\app-devtec\\vendor\\laravel\\framework\\src\\Illuminate\\Foundation\\Console\\Kernel.php(127): Illuminate\\Foundation\\Console\\Kernel->bootstrap()
#35 C:\\Projetos\\Laravel\\app-devtec\\artisan(37): Illuminate\\Foundation\\Console\\Kernel->handle(Object(Symfony\\Component\\Console\\Input\\ArgvInput), Object(Symfony\\Component\\Console\\Output\\ConsoleOutput))
#36 {main}
"} 
